755 INFO: PyInstaller: 6.19.0, contrib hooks: 2026.3
758 INFO: Python: 3.13.12
821 INFO: Platform: Windows-11-10.0.26200-SP0
824 INFO: Python environment: C:\Program Files\WindowsApps\PythonSoftwareFoundation.Python.3.13_3.13.3312.0_x64__qbz5n2kfra8p0
839 INFO: Module search paths (PYTHONPATH):
['C:\\Users\\RC Strout\\Code\\Thermobath',
 'C:\\Program '
 'Files\\WindowsApps\\PythonSoftwareFoundation.Python.3.13_3.13.3312.0_x64__qbz5n2kfra8p0\\python313.zip',
 'C:\\Program '
 'Files\\WindowsApps\\PythonSoftwareFoundation.Python.3.13_3.13.3312.0_x64__qbz5n2kfra8p0\\DLLs',
 'C:\\Program '
 'Files\\WindowsApps\\PythonSoftwareFoundation.Python.3.13_3.13.3312.0_x64__qbz5n2kfra8p0\\Lib',
 'C:\\Program '
 'Files\\WindowsApps\\PythonSoftwareFoundation.Python.3.13_3.13.3312.0_x64__qbz5n2kfra8p0',
 'C:\\Users\\RC '
 'Strout\\AppData\\Local\\Packages\\PythonSoftwareFoundation.Python.3.13_qbz5n2kfra8p0\\LocalCache\\local-packages\\Python313\\site-packages',
 'C:\\Program '
 'Files\\WindowsApps\\PythonSoftwareFoundation.Python.3.13_3.13.3312.0_x64__qbz5n2kfra8p0\\Lib\\site-packages',
 'C:\\Users\\RC Strout\\Code\\Thermobath\\scripts']
1994 INFO: Appending 'datas' from .spec
1996 INFO: checking Analysis
2034 INFO: Building because C:\Users\RC Strout\Code\Thermobath\thermobath\ui.py changed
2035 INFO: Looking for Python shared library...
2036 INFO: Using Python shared library: C:\Program Files\WindowsApps\PythonSoftwareFoundation.Python.3.13_3.13.3312.0_x64__qbz5n2kfra8p0\python313.dll
2036 INFO: Running Analysis Analysis-00.toc
2037 INFO: Target bytecode optimization level: 0
2037 INFO: Initializing module dependency graph...
2043 INFO: Initializing module graph hook caches...
2175 INFO: Analyzing modules for base_library.zip ...
5816 INFO: Processing standard module hook 'hook-heapq.py' from 'C:\\Users\\RC Strout\\AppData\\Local\\Packages\\PythonSoftwareFoundation.Python.3.13_qbz5n2kfra8p0\\LocalCache\\local-packages\\Python313\\site-packages\\PyInstaller\\hooks'
7447 INFO: Processing standard module hook 'hook-encodings.py' from 'C:\\Users\\RC Strout\\AppData\\Local\\Packages\\PythonSoftwareFoundation.Python.3.13_qbz5n2kfra8p0\\LocalCache\\local-packages\\Python313\\site-packages\\PyInstaller\\hooks'
12523 INFO: Processing standard module hook 'hook-pickle.py' from 'C:\\Users\\RC Strout\\AppData\\Local\\Packages\\PythonSoftwareFoundation.Python.3.13_qbz5n2kfra8p0\\LocalCache\\local-packages\\Python313\\site-packages\\PyInstaller\\hooks'
16208 INFO: Caching module dependency graph...
16297 INFO: Analyzing C:\Users\RC Strout\Code\Thermobath\scripts\run_gui.py
16308 INFO: Processing standard module hook 'hook-PyQt5.py' from 'C:\\Users\\RC Strout\\AppData\\Local\\Packages\\PythonSoftwareFoundation.Python.3.13_qbz5n2kfra8p0\\LocalCache\\local-packages\\Python313\\site-packages\\PyInstaller\\hooks'
19160 INFO: Processing standard module hook 'hook-PyQt5.QtWidgets.py' from 'C:\\Users\\RC Strout\\AppData\\Local\\Packages\\PythonSoftwareFoundation.Python.3.13_qbz5n2kfra8p0\\LocalCache\\local-packages\\Python313\\site-packages\\PyInstaller\\hooks'
26817 INFO: Processing standard module hook 'hook-PyQt5.QtCore.py' from 'C:\\Users\\RC Strout\\AppData\\Local\\Packages\\PythonSoftwareFoundation.Python.3.13_qbz5n2kfra8p0\\LocalCache\\local-packages\\Python313\\site-packages\\PyInstaller\\hooks'
35340 INFO: Processing standard module hook 'hook-PyQt5.QtGui.py' from 'C:\\Users\\RC Strout\\AppData\\Local\\Packages\\PythonSoftwareFoundation.Python.3.13_qbz5n2kfra8p0\\LocalCache\\local-packages\\Python313\\site-packages\\PyInstaller\\hooks'
